<?xml version="1.0" encoding="UTF-8"?>
<testsuite xmlns:xsi="http://www.w3.org/2001/XMLSchema-instance" xsi:noNamespaceSchemaLocation="https://maven.apache.org/surefire/maven-surefire-plugin/xsd/surefire-test-report.xsd" version="3.0.2" name="com.litus.guias.closure.DayStatusCalculatorTest" time="0.01" tests="4" errors="0" skipped="0" failures="0">
  <properties>
[...]
</properties>
  <testcase name="pastDayWithOnlyCancelledClosureIsMissed" classname="com.litus.guias.closure.DayStatusCalculatorTest" time="0.003"/>
  <testcase name="pastDayWithValidClosureIsClosed" classname="com.litus.guias.closure.DayStatusCalculatorTest" time="0.002"/>
  <testcase name="pastDayWithActivityAndNoValidClosureIsMissed" classname="com.litus.guias.closure.DayStatusCalculatorTest" time="0.0"/>
  <testcase name="pastDayWithoutActivityIsNoActivity" classname="com.litus.guias.closure.DayStatusCalculatorTest" time="0.002"/>
</testsuite>